#-----------------------------------------------------------
# Vivado v2018.2 (64-bit)
# SW Build 2258646 on Thu Jun 14 20:03:12 MDT 2018
# IP Build 2256618 on Thu Jun 14 22:10:49 MDT 2018
# Start of session at: Fri Apr  5 19:42:44 2019
# Process ID: 20640
# Current directory: G:/lab8/lab8_1_2
# Command line: vivado.exe -gui_launcher_event rodinguilauncherevent20056 G:\lab8\lab8_1_2\lab8_1_2.xpr
# Log file: G:/lab8/lab8_1_2/vivado.log
# Journal file: G:/lab8/lab8_1_2\vivado.jou
#-----------------------------------------------------------
start_gui
open_project G:/lab8/lab8_1_2/lab8_1_2.xpr
Scanning sources...
Finished scanning sources
INFO: [IP_Flow 19-234] Refreshing IP repositories
INFO: [IP_Flow 19-1704] No user IP repositories specified
INFO: [IP_Flow 19-2313] Loaded Vivado IP repository 'F:/vivado/Vivado/2018.2/data/ip'.
open_project: Time (s): cpu = 00:00:15 ; elapsed = 00:00:07 . Memory (MB): peak = 853.754 ; gain = 129.086
update_compile_order -fileset sources_1
exit
INFO: [Common 17-206] Exiting Vivado at Sat Apr  6 00:06:55 2019...
