#-----------------------------------------------------------
# Vivado v2018.2 (64-bit)
# SW Build 2258646 on Thu Jun 14 20:03:12 MDT 2018
# IP Build 2256618 on Thu Jun 14 22:10:49 MDT 2018
# Start of session at: Mon Mar 18 23:13:11 2019
# Process ID: 7656
# Current directory: G:/lab10/lab10_2_1
# Command line: vivado.exe -gui_launcher_event rodinguilauncherevent15208 G:\lab10\lab10_2_1\lab10_2_1.xpr
# Log file: G:/lab10/lab10_2_1/vivado.log
# Journal file: G:/lab10/lab10_2_1\vivado.jou
#-----------------------------------------------------------
start_gui
open_project G:/lab10/lab10_2_1/lab10_2_1.xpr
Scanning sources...
Finished scanning sources
INFO: [IP_Flow 19-234] Refreshing IP repositories
INFO: [IP_Flow 19-1704] No user IP repositories specified
INFO: [IP_Flow 19-2313] Loaded Vivado IP repository 'F:/vivado/Vivado/2018.2/data/ip'.
open_project: Time (s): cpu = 00:00:12 ; elapsed = 00:00:06 . Memory (MB): peak = 796.125 ; gain = 124.414
update_compile_order -fileset sources_1
exit
INFO: [Common 17-206] Exiting Vivado at Mon Mar 18 23:37:32 2019...
