Copyright 1986-2018 Xilinx, Inc. All Rights Reserved.
-------------------------------------------------------------------------------------
| Tool Version : Vivado v.2018.2 (win64) Build 2258646 Thu Jun 14 20:03:12 MDT 2018
| Date         : Fri Nov 23 20:28:45 2018
| Host         : LAPTOP-UQ84BBO9 running 64-bit major release  (build 9200)
| Command      : report_control_sets -verbose -file lab9_3_1_control_sets_placed.rpt
| Design       : lab9_3_1
| Device       : xc7a100t
-------------------------------------------------------------------------------------

Control Set Information

Table of Contents
-----------------
1. Summary
2. Histogram
3. Flip-Flop Distribution
4. Detailed Control Set Information

1. Summary
----------

+----------------------------------------------------------+-------+
|                          Status                          | Count |
+----------------------------------------------------------+-------+
| Number of unique control sets                            |     7 |
| Unused register locations in slices containing registers |     8 |
+----------------------------------------------------------+-------+


2. Histogram
------------

+--------+--------------+
| Fanout | Control Sets |
+--------+--------------+
|      8 |            4 |
|     10 |            1 |
|    16+ |            2 |
+--------+--------------+


3. Flip-Flop Distribution
-------------------------

+--------------+-----------------------+------------------------+-----------------+--------------+
| Clock Enable | Synchronous Set/Reset | Asynchronous Set/Reset | Total Registers | Total Slices |
+--------------+-----------------------+------------------------+-----------------+--------------+
| No           | No                    | No                     |              34 |           11 |
| No           | No                    | Yes                    |               0 |            0 |
| No           | Yes                   | No                     |              62 |            8 |
| Yes          | No                    | No                     |               0 |            0 |
| Yes          | No                    | Yes                    |               0 |            0 |
| Yes          | Yes                   | No                     |              32 |            4 |
+--------------+-----------------------+------------------------+-----------------+--------------+


4. Detailed Control Set Information
-----------------------------------

+---------------------+---------------+-----------------------------------------------------------+------------------+----------------+
|     Clock Signal    | Enable Signal |                      Set/Reset Signal                     | Slice Load Count | Bel Load Count |
+---------------------+---------------+-----------------------------------------------------------+------------------+----------------+
|  CLK0/inst/clk_out1 | CE04_out      | B/U0/i_synth/i_baseblox.i_baseblox_counter/clear_count__0 |                1 |              8 |
|  CLK0/inst/clk_out1 | CE0           | D/U0/i_synth/i_baseblox.i_baseblox_counter/clear_count__0 |                1 |              8 |
|  CLK0/inst/clk_out1 | CE05_out      | A/U0/i_synth/i_baseblox.i_baseblox_counter/clear_count__0 |                1 |              8 |
|  CLK0/inst/clk_out1 | CE02_out      | C/U0/i_synth/i_baseblox.i_baseblox_counter/clear_count__0 |                1 |              8 |
|  CLK0/inst/clk_out1 |               |                                                           |                5 |             10 |
|  an_reg[7]_i_2_n_0  |               |                                                           |                6 |             24 |
|  CLK0/inst/clk_out1 |               | k[31]_i_1_n_0                                             |                8 |             62 |
+---------------------+---------------+-----------------------------------------------------------+------------------+----------------+


